<?xml version="1.0" encoding="UTF-8"?>
<testng-results skipped="0" failed="0" total="1" passed="1">
  <reporter-output>
  </reporter-output>
  <suite name="Suite" duration-ms="13363" started-at="2016-10-14T13:06:48Z" finished-at="2016-10-14T13:07:01Z">
    <groups>
    </groups>
    <test name="Test" duration-ms="13363" started-at="2016-10-14T13:06:48Z" finished-at="2016-10-14T13:07:01Z">
      <class name="jenkinGithub_project1.Test1">
        <test-method status="PASS" signature="setUp()[pri:0, instance:jenkinGithub_project1.Test1@29774679]" name="setUp" is-config="true" duration-ms="10827" started-at="2016-10-14T18:36:48Z" finished-at="2016-10-14T18:36:58Z">
          <reporter-output>
          </reporter-output>
        </test-method> <!-- setUp -->
        <test-method status="PASS" signature="execute()[pri:0, instance:jenkinGithub_project1.Test1@29774679]" name="execute" duration-ms="2529" started-at="2016-10-14T18:36:58Z" finished-at="2016-10-14T18:37:01Z">
          <reporter-output>
          </reporter-output>
        </test-method> <!-- execute -->
        <test-method status="PASS" signature="tearDown()[pri:0, instance:jenkinGithub_project1.Test1@29774679]" name="tearDown" is-config="true" duration-ms="1" started-at="2016-10-14T18:37:01Z" finished-at="2016-10-14T18:37:01Z">
          <reporter-output>
          </reporter-output>
        </test-method> <!-- tearDown -->
      </class> <!-- jenkinGithub_project1.Test1 -->
    </test> <!-- Test -->
  </suite> <!-- Suite -->
</testng-results>
