<?xml version="1.0" encoding="UTF-8"?>
<!-- Generated by org.testng.reporters.JUnitXMLReporter -->
<testsuite hostname="LT-NB-058" name="Test" tests="3" failures="0" timestamp="13 Oct 2016 12:14:10 GMT" time="82.091" errors="0">
  <testcase name="moduleActions" time="56.687" classname="testcase.PageObjectModel"/>
  <testcase name="moduleActions" time="3.796" classname="testcase.PageObjectModel"/>
  <testcase name="moduleActions" time="12.438" classname="testcase.PageObjectModel"/>
</testsuite> <!-- Test -->
