<?xml version="1.0" encoding="UTF-8"?>
<!-- Generated by org.testng.reporters.JUnitXMLReporter -->
<testsuite hostname="LT-NB-058" name="Default test" tests="3" failures="0" timestamp="13 Oct 2016 09:54:04 GMT" time="20.42" errors="0">
  <testcase name="moduleActions" time="5.621" classname="testcase.PageObjectModel"/>
  <testcase name="moduleActions" time="3.353" classname="testcase.PageObjectModel"/>
  <testcase name="moduleActions" time="3.159" classname="testcase.PageObjectModel"/>
</testsuite> <!-- Default test -->
