<?xml version="1.0" encoding="UTF-8"?>
<testng-results skipped="0" failed="0" total="3" passed="3">
  <reporter-output>
  </reporter-output>
  <suite name="Suite" duration-ms="19226" started-at="2016-10-13T12:36:17Z" finished-at="2016-10-13T12:36:36Z">
    <groups>
    </groups>
    <test name="Test" duration-ms="19226" started-at="2016-10-13T12:36:17Z" finished-at="2016-10-13T12:36:36Z">
      <class name="testcase.PageObjectModel">
        <test-method status="PASS" signature="browserSetUp()[pri:0, instance:testcase.PageObjectModel@edf4efb]" name="browserSetUp" is-config="true" duration-ms="7609" started-at="2016-10-13T18:06:17Z" finished-at="2016-10-13T18:06:24Z">
          <reporter-output>
          </reporter-output>
        </test-method> <!-- browserSetUp -->
        <test-method status="PASS" signature="moduleActions(java.lang.String, java.lang.String, java.lang.String)[pri:0, instance:testcase.PageObjectModel@edf4efb]" name="moduleActions" duration-ms="4640" started-at="2016-10-13T18:06:25Z" data-provider="Data" finished-at="2016-10-13T18:06:29Z">
          <params>
            <param index="0">
              <value>
                <![CDATA[202]]>
              </value>
            </param>
            <param index="1">
              <value>
                <![CDATA[202]]>
              </value>
            </param>
            <param index="2">
              <value>
                <![CDATA[Prawin]]>
              </value>
            </param>
          </params>
          <reporter-output>
          </reporter-output>
        </test-method> <!-- moduleActions -->
        <test-method status="PASS" signature="moduleActions(java.lang.String, java.lang.String, java.lang.String)[pri:0, instance:testcase.PageObjectModel@edf4efb]" name="moduleActions" duration-ms="3014" started-at="2016-10-13T18:06:29Z" data-provider="Data" finished-at="2016-10-13T18:06:32Z">
          <params>
            <param index="0">
              <value>
                <![CDATA[279]]>
              </value>
            </param>
            <param index="1">
              <value>
                <![CDATA[279]]>
              </value>
            </param>
            <param index="2">
              <value>
                <![CDATA[Vinoth Kumar Rajendaran]]>
              </value>
            </param>
          </params>
          <reporter-output>
          </reporter-output>
        </test-method> <!-- moduleActions -->
        <test-method status="PASS" signature="moduleActions(java.lang.String, java.lang.String, java.lang.String)[pri:0, instance:testcase.PageObjectModel@edf4efb]" name="moduleActions" duration-ms="3750" started-at="2016-10-13T18:06:32Z" data-provider="Data" finished-at="2016-10-13T18:06:36Z">
          <params>
            <param index="0">
              <value>
                <![CDATA[213]]>
              </value>
            </param>
            <param index="1">
              <value>
                <![CDATA[213]]>
              </value>
            </param>
            <param index="2">
              <value>
                <![CDATA[Pugazhenthi]]>
              </value>
            </param>
          </params>
          <reporter-output>
          </reporter-output>
        </test-method> <!-- moduleActions -->
        <test-method status="PASS" signature="tearDown()[pri:0, instance:testcase.PageObjectModel@edf4efb]" name="tearDown" is-config="true" duration-ms="1" started-at="2016-10-13T18:06:36Z" finished-at="2016-10-13T18:06:36Z">
          <reporter-output>
          </reporter-output>
        </test-method> <!-- tearDown -->
      </class> <!-- testcase.PageObjectModel -->
    </test> <!-- Test -->
  </suite> <!-- Suite -->
</testng-results>
