<?xml version="1.0" encoding="UTF-8"?>
<testng-results skipped="0" failed="0" total="1" passed="1">
  <reporter-output>
  </reporter-output>
  <suite name="Suite" duration-ms="13035" started-at="2016-10-14T13:11:17Z" finished-at="2016-10-14T13:11:30Z">
    <groups>
    </groups>
    <test name="Test" duration-ms="13035" started-at="2016-10-14T13:11:17Z" finished-at="2016-10-14T13:11:30Z">
      <class name="jenkinGithub_project1.Test1">
        <test-method status="PASS" signature="setUp()[pri:0, instance:jenkinGithub_project1.Test1@6aaa5eb0]" name="setUp" is-config="true" duration-ms="10413" started-at="2016-10-14T18:41:17Z" finished-at="2016-10-14T18:41:28Z">
          <reporter-output>
          </reporter-output>
        </test-method> <!-- setUp -->
        <test-method status="PASS" signature="execute()[pri:0, instance:jenkinGithub_project1.Test1@6aaa5eb0]" name="execute" duration-ms="2604" started-at="2016-10-14T18:41:28Z" finished-at="2016-10-14T18:41:30Z">
          <reporter-output>
          </reporter-output>
        </test-method> <!-- execute -->
        <test-method status="PASS" signature="tearDown()[pri:0, instance:jenkinGithub_project1.Test1@6aaa5eb0]" name="tearDown" is-config="true" duration-ms="0" started-at="2016-10-14T18:41:30Z" finished-at="2016-10-14T18:41:30Z">
          <reporter-output>
          </reporter-output>
        </test-method> <!-- tearDown -->
      </class> <!-- jenkinGithub_project1.Test1 -->
    </test> <!-- Test -->
  </suite> <!-- Suite -->
</testng-results>
